2015-05-01T10:25:48+0000 ek homework 3 part 2
2015-05-01T10:39:46+0000 halti sleep
2015-05-01T17:05:57+0000 ek h3p2
2015-05-01T17:33:34+0000 halti break
2015-05-01T17:50:43+0000 ek h3p2
2015-05-01T18:21:46+0000 finished h3p2
2015-05-01T18:25:00+0000 ek homework 3 part 3
2015-05-01T18:38:58+0000 distraction: calculate score for course
2015-05-01T19:00:06+0000 break
2015-05-01T19:13:31+0000 break+study scriptures+be sick
2015-05-01T23:40:14+0000 ek h3p3
2015-05-02T00:09:08+0000 break: the emperor's new clothes
2015-05-02T15:08:48+0000 ek h3p3
2015-05-02T15:09:35+0000 break: code brown
2015-05-02T15:45:00+0000 ek h3p3 (some distraction: ~15 min)
2015-05-02T17:12:42+0000 finished h3p3
2015-05-02T17:15:57+0000 ek h4p1
2015-05-02T17:43:27+0000 break: shopping
2015-05-02T19:04:26+0000 ek h4p1
2015-05-02T19:32:35+0000 break: why??
2015-05-02T19:43:28+0000 ek h4p1
2015-05-02T20:07:33+0000 break: jason
2015-05-02T20:41:31+0000 ek h4p1
2015-05-02T21:58:02+0000 break: jason
2015-05-02T22:27:08+0000 ek h4p1
2015-05-02T23:56:38+0000 finished h4p1, after spending a lot of time learning useful but unrelated stuff about R
2015-05-03T01:35:20+0000 break: dinner
2015-05-03T02:58:20+0000 ek continue h5p1
2015-05-03T03:00:53+0000 break: kids to bed
2015-05-03T03:10:18+0000 ek continue h5p1
2015-05-03T03:45:54+0000 completed h5p1
